<?xml version="1.0" encoding="UTF-8"?>
<!-- Generated by org.testng.reporters.JUnitReportReporter -->
<testsuite hostname="DESKTOP-T4MFR2V" failures="0" tests="1" name="orange.testscripts.PageFactoryOrangeLoginTestCases" time="7.022" errors="0" timestamp="29 May 2023 07:48:50 GMT" skipped="0">
  <testcase classname="orange.testscripts.PageFactoryOrangeLoginTestCases" name="browserLaunch" time="7.022"/>
</testsuite> <!-- orange.testscripts.PageFactoryOrangeLoginTestCases -->
