<?xml version="1.0" encoding="UTF-8"?>
<!-- Generated by org.testng.reporters.JUnitReportReporter -->
<testsuite hostname="DESKTOP-T4MFR2V" failures="0" tests="1" name="POM.Pom_OnePmBatch_May.Sample" time="8.880" errors="0" timestamp="25 May 2023 08:00:10 GMT" skipped="0">
  <testcase classname="POM.Pom_OnePmBatch_May.Sample" name="test" time="8.880"/>
</testsuite> <!-- POM.Pom_OnePmBatch_May.Sample -->
