<?xml version="1.0" encoding="UTF-8"?>
<!-- Generated by org.testng.reporters.JUnitReportReporter -->
<testsuite hostname="DESKTOP-T4MFR2V" failures="0" tests="1" name="orange.testscripts.LoginPage" time="7.309" errors="0" timestamp="25 May 2023 08:18:27 GMT" skipped="0">
  <testcase classname="orange.testscripts.LoginPage" name="loginScenario" time="7.309"/>
</testsuite> <!-- orange.testscripts.LoginPage -->
